<?xml version="1.0" encoding="UTF-8" ?>
<testsuite tests="22" failures="0" name="skeleton.RunCukesTest" time="0.061" errors="0" skipped="0">
  <properties>
    <property name="java.runtime.name" value="Java(TM) SE Runtime Environment"/>
    <property name="sun.boot.library.path" value="C:\Program Files\Java\jdk1.8.0_111\jre\bin"/>
    <property name="java.vm.version" value="25.111-b14"/>
    <property name="java.vm.vendor" value="Oracle Corporation"/>
    <property name="maven.multiModuleProjectDirectory" value="C:\Users\rmanchi\Desktop\cba-test-master"/>
    <property name="java.vendor.url" value="http://java.oracle.com/"/>
    <property name="path.separator" value=";"/>
    <property name="guice.disable.misplaced.annotation.check" value="true"/>
    <property name="java.vm.name" value="Java HotSpot(TM) 64-Bit Server VM"/>
    <property name="file.encoding.pkg" value="sun.io"/>
    <property name="user.script" value=""/>
    <property name="user.country" value="AU"/>
    <property name="sun.java.launcher" value="SUN_STANDARD"/>
    <property name="sun.os.patch.level" value="Service Pack 1"/>
    <property name="java.vm.specification.name" value="Java Virtual Machine Specification"/>
    <property name="user.dir" value="C:\Users\rmanchi\Desktop\cba-test-master"/>
    <property name="java.runtime.version" value="1.8.0_111-b14"/>
    <property name="java.awt.graphicsenv" value="sun.awt.Win32GraphicsEnvironment"/>
    <property name="java.endorsed.dirs" value="C:\Program Files\Java\jdk1.8.0_111\jre\lib\endorsed"/>
    <property name="os.arch" value="amd64"/>
    <property name="java.io.tmpdir" value="C:\Users\rmanchi\AppData\Local\Temp\"/>
    <property name="line.separator" value="
"/>
    <property name="java.vm.specification.vendor" value="Oracle Corporation"/>
    <property name="user.variant" value=""/>
    <property name="os.name" value="Windows 7"/>
    <property name="classworlds.conf" value="C:\apache-maven-3.3.9\bin\m2.conf"/>
    <property name="sun.jnu.encoding" value="Cp1252"/>
    <property name="java.library.path" value="C:\Program Files\Java\jdk1.8.0_111\bin;C:\Windows\Sun\Java\bin;C:\Windows\system32;C:\Windows;c:\programdata\oracle\java\javapath;c:\program files (x86)\intel\icls client\;c:\program files\intel\icls client\;C:\Windows\system32;C:\Windows;C:\Windows\system32\wbem;C:\Windows\system32\windowspowershell\v1.0\;c:\program files (x86)\intel\intel(r) management engine components\dal;c:\program files\intel\intel(r) management engine components\dal;c:\program files (x86)\intel\intel(r) management engine components\ipt;c:\program files\intel\intel(r) management engine components\ipt;c:\program files\intel\wifi\bin\;c:\program files\common files\intel\wirelesscommon\;C:\Program Files (x86)\Interactive Intelligence\ININ Trace Initialization\;C:\Program Files (x86)\Interactive Intelligence\ICUserApps\;C:\Program Files\Interactive Intelligence\ICUserApps\;C:\Program Files (x86)\Microsoft SQL Server\110\Tools\Binn\ManagementStudio\;C:\Program Files (x86)\Microsoft SQL Server\110\Tools\Binn\;C:\Program Files\Microsoft SQL Server\110\Tools\Binn\;C:\Program Files (x86)\Microsoft SQL Server\110\DTS\Binn\;C:\Program Files\Microsoft SQL Server\110\DTS\Binn\;C:\Program Files\Microsoft\Web Platform Installer\;C:\Program Files (x86)\Microsoft ASP.NET\ASP.NET Web Pages\v1.0\;C:\Program Files (x86)\Windows Kits\8.0\Windows Performance Toolkit\;C:\Program Files (x86)\Skype\Phone\;C:\apache-maven-3.3.9\bin;C:\Program Files\Java\jdk1.8.0_111\bin;."/>
    <property name="java.specification.name" value="Java Platform API Specification"/>
    <property name="java.class.version" value="52.0"/>
    <property name="sun.management.compiler" value="HotSpot 64-Bit Tiered Compilers"/>
    <property name="os.version" value="6.1"/>
    <property name="user.home" value="C:\Users\rmanchi"/>
    <property name="user.timezone" value="Australia/Sydney"/>
    <property name="java.awt.printerjob" value="sun.awt.windows.WPrinterJob"/>
    <property name="java.specification.version" value="1.8"/>
    <property name="file.encoding" value="Cp1252"/>
    <property name="user.name" value="rmanchi"/>
    <property name="java.class.path" value="C:\apache-maven-3.3.9\boot\plexus-classworlds-2.5.2.jar"/>
    <property name="java.vm.specification.version" value="1.8"/>
    <property name="sun.arch.data.model" value="64"/>
    <property name="java.home" value="C:\Program Files\Java\jdk1.8.0_111\jre"/>
    <property name="sun.java.command" value="org.codehaus.plexus.classworlds.launcher.Launcher test"/>
    <property name="java.specification.vendor" value="Oracle Corporation"/>
    <property name="user.language" value="en"/>
    <property name="awt.toolkit" value="sun.awt.windows.WToolkit"/>
    <property name="java.vm.info" value="mixed mode"/>
    <property name="java.version" value="1.8.0_111"/>
    <property name="java.ext.dirs" value="C:\Program Files\Java\jdk1.8.0_111\jre\lib\ext;C:\Windows\Sun\Java\lib\ext"/>
    <property name="sun.boot.class.path" value="C:\Program Files\Java\jdk1.8.0_111\jre\lib\resources.jar;C:\Program Files\Java\jdk1.8.0_111\jre\lib\rt.jar;C:\Program Files\Java\jdk1.8.0_111\jre\lib\sunrsasign.jar;C:\Program Files\Java\jdk1.8.0_111\jre\lib\jsse.jar;C:\Program Files\Java\jdk1.8.0_111\jre\lib\jce.jar;C:\Program Files\Java\jdk1.8.0_111\jre\lib\charsets.jar;C:\Program Files\Java\jdk1.8.0_111\jre\lib\jfr.jar;C:\Program Files\Java\jdk1.8.0_111\jre\classes"/>
    <property name="sun.stderr.encoding" value="cp850"/>
    <property name="java.vendor" value="Oracle Corporation"/>
    <property name="maven.home" value="C:\apache-maven-3.3.9"/>
    <property name="file.separator" value="\"/>
    <property name="java.vendor.url.bug" value="http://bugreport.sun.com/bugreport/"/>
    <property name="sun.cpu.endian" value="little"/>
    <property name="sun.io.unicode.encoding" value="UnicodeLittle"/>
    <property name="sun.stdout.encoding" value="cp850"/>
    <property name="sun.desktop" value="windows"/>
    <property name="sun.cpu.isalist" value="amd64"/>
  </properties>
  <testcase classname="Scenario: Weather API Tests Invalid Key" name="Given Accessing Information Without API Key Should Fail" time="0.015"/>
  <testcase classname="Scenario: Weather API Tests Invalid Key" name="Scenario: Weather API Tests Invalid Key" time="0.035"/>
  <testcase classname="Scenario: Weather API City Name Should Be Returned" name="Given Weather Page Is Open" time="0.001"/>
  <testcase classname="Scenario: Weather API City Name Should Be Returned" name="When Weather API Information Is Called For City Sydney" time="0"/>
  <testcase classname="Scenario: Weather API City Name Should Be Returned" name="Then Weather API Should Return Current City Sydney" time="0"/>
  <testcase classname="Scenario: Weather API City Name Should Be Returned" name="Scenario: Weather API City Name Should Be Returned" time="0.001"/>
  <testcase classname="Scenario: Weather API City Name Should Be Returned" name="Given Weather Page Is Open" time="0"/>
  <testcase classname="Scenario: Weather API City Name Should Be Returned" name="When Weather API Information Is Called For City Adelaide" time="0"/>
  <testcase classname="Scenario: Weather API City Name Should Be Returned" name="Then Weather API Should Return Current City Adelaide" time="0"/>
  <testcase classname="Scenario: Weather API City Name Should Be Returned" name="Scenario: Weather API City Name Should Be Returned" time="0"/>
  <testcase classname="Scenario: Weather API City Name Should Be Returned" name="Given Weather Page Is Open" time="0"/>
  <testcase classname="Scenario: Weather API City Name Should Be Returned" name="When Weather API Information Is Called For City Brisbane" time="0"/>
  <testcase classname="Scenario: Weather API City Name Should Be Returned" name="Then Weather API Should Return Current City Brisbane" time="0"/>
  <testcase classname="Scenario: Weather API City Name Should Be Returned" name="Scenario: Weather API City Name Should Be Returned" time="0.008"/>
  <testcase classname="Scenario: Weather API City Name Should Be Returned" name="Given Weather Page Is Open" time="0"/>
  <testcase classname="Scenario: Weather API City Name Should Be Returned" name="When Weather API Information Is Called For City Perth" time="0"/>
  <testcase classname="Scenario: Weather API City Name Should Be Returned" name="Then Weather API Should Return Current City Perth" time="0"/>
  <testcase classname="Scenario: Weather API City Name Should Be Returned" name="Scenario: Weather API City Name Should Be Returned" time="0"/>
  <testcase classname="Scenario: Weather API City Name Should Be Returned" name="Given Weather Page Is Open" time="0"/>
  <testcase classname="Scenario: Weather API City Name Should Be Returned" name="When Weather API Information Is Called For City Darwin" time="0"/>
  <testcase classname="Scenario: Weather API City Name Should Be Returned" name="Then Weather API Should Return Current City Darwin" time="0"/>
  <testcase classname="Scenario: Weather API City Name Should Be Returned" name="Scenario: Weather API City Name Should Be Returned" time="0.001"/>
</testsuite>